2017-08-28 19:29:59,216 -         INFO -              EDLM.edlm.convert - converting to PDF: F:\DEV\docs\EDLM_help
2017-08-28 19:30:01,599 -        ERROR -             EDLM.edlm.utils.do - ! Missing $ inserted.
<inserted text> 
                $
l.118     {\fontsize{2cm}{2.3cm}\selectfont EDLM_

pandoc.exe: Error producing PDF
2017-08-28 19:30:01,599 -        ERROR -             EDLM.edlm.utils.do - command failed: ['D:\\Miniconda3\\Scripts\\pandoc.exe', '-s', '--toc', '--template', 'F:\\DEV\\docs\\tmpbiiht5p4\\template.tex', 'F:\\DEV\\docs\\tmpbiiht5p4\\source.md', '-o', './OUTPUT/PDF\\EDLM_help.PDF', '-V', 'geometry:margin=2.5cm', '-V', 'lot', '-V', 'lof', '-V', 'colorlinks=true', '-V', 'title=EDLM_help', '-N']
2017-08-28 19:30:13,249 -         INFO -              EDLM.edlm.convert - converting to PDF: F:\DEV\docs\EDLM_prop
2017-08-28 19:30:15,590 -        ERROR -             EDLM.edlm.utils.do - ! Missing $ inserted.
<inserted text> 
                $
l.118     {\fontsize{2cm}{2.3cm}\selectfont EDLM_

pandoc.exe: Error producing PDF
2017-08-28 19:30:15,590 -        ERROR -             EDLM.edlm.utils.do - command failed: ['D:\\Miniconda3\\Scripts\\pandoc.exe', '-s', '--toc', '--template', 'F:\\DEV\\docs\\tmp096_p37f\\template.tex', 'F:\\DEV\\docs\\tmp096_p37f\\source.md', '-o', './OUTPUT/PDF\\EDLM_prop.PDF', '-V', 'geometry:margin=2.5cm', '-V', 'lot', '-V', 'lof', '-V', 'colorlinks=true', '-V', 'title=EDLM_prop', '-N']
2017-08-28 19:36:55,754 -         INFO -              EDLM.edlm.convert - converting to PDF: F:\DEV\docs\EDLM_help
2017-08-28 19:36:58,077 -        ERROR -             EDLM.edlm.utils.do - ! Missing $ inserted.
<inserted text> 
                $
l.118     {\fontsize{2cm}{2.3cm}\selectfont EDLM_

pandoc.exe: Error producing PDF
2017-08-28 19:36:58,078 -        ERROR -             EDLM.edlm.utils.do - command failed: ['D:\\Miniconda3\\Scripts\\pandoc.exe', '-s', '--toc', '--template', 'F:\\DEV\\docs\\tmpgzy2ga2p\\template.tex', 'F:\\DEV\\docs\\tmpgzy2ga2p\\source.md', '-o', './OUTPUT/PDF\\EDLM_help.PDF', '-V', 'geometry:margin=2.5cm', '-V', 'lot', '-V', 'lof', '-V', 'colorlinks=true', '-V', 'title=EDLM_help', '-N']
2017-08-28 19:37:23,657 -         INFO -              EDLM.edlm.convert - converting to PDF: F:\DEV\docs\EDLM_prop
2017-08-28 19:37:25,978 -        ERROR -             EDLM.edlm.utils.do - ! Missing $ inserted.
<inserted text> 
                $
l.118     {\fontsize{2cm}{2.3cm}\selectfont EDLM_

pandoc.exe: Error producing PDF
2017-08-28 19:37:25,979 -        ERROR -             EDLM.edlm.utils.do - command failed: ['D:\\Miniconda3\\Scripts\\pandoc.exe', '-s', '--toc', '--template', 'F:\\DEV\\docs\\tmppdvwftr5\\template.tex', 'F:\\DEV\\docs\\tmppdvwftr5\\source.md', '-o', './OUTPUT/PDF\\EDLM_prop.PDF', '-V', 'geometry:margin=2.5cm', '-V', 'lot', '-V', 'lof', '-V', 'colorlinks=true', '-V', 'title=EDLM_prop', '-N']
2017-08-28 19:37:42,339 -         INFO -              EDLM.edlm.convert - converting to PDF: F:\DEV\docs\EDLM_prop
2017-08-28 19:37:44,599 -        ERROR -             EDLM.edlm.utils.do - ! Missing $ inserted.
<inserted text> 
                $
l.118     {\fontsize{2cm}{2.3cm}\selectfont EDLM_

pandoc.exe: Error producing PDF
2017-08-28 19:37:44,599 -        ERROR -             EDLM.edlm.utils.do - command failed: ['D:\\Miniconda3\\Scripts\\pandoc.exe', '-s', '--toc', '--template', 'F:\\DEV\\docs\\tmp2kaxfv2z\\template.tex', 'F:\\DEV\\docs\\tmp2kaxfv2z\\source.md', '-o', './OUTPUT/PDF\\EDLM_prop.PDF', '-V', 'geometry:margin=2.5cm', '-V', 'lot', '-V', 'lof', '-V', 'colorlinks=true', '-V', 'title=EDLM_prop', '-N']
2017-08-28 19:37:56,742 -         INFO -              EDLM.edlm.convert - converting to PDF: F:\DEV\docs\EDLM_prop
2017-08-28 19:37:59,015 -        ERROR -             EDLM.edlm.utils.do - ! Missing $ inserted.
<inserted text> 
                $
l.118     {\fontsize{2cm}{2.3cm}\selectfont EDLM_

pandoc.exe: Error producing PDF
2017-08-28 19:37:59,016 -        ERROR -             EDLM.edlm.utils.do - command failed: ['D:\\Miniconda3\\Scripts\\pandoc.exe', '-s', '--toc', '--template', 'F:\\DEV\\docs\\tmplrp1m_i6\\template.tex', 'F:\\DEV\\docs\\tmplrp1m_i6\\source.md', '-o', './OUTPUT/PDF\\EDLM_prop.PDF', '-V', 'geometry:margin=2.5cm', '-V', 'lot', '-V', 'lof', '-V', 'colorlinks=true', '-V', 'title=EDLM_prop', '-N']
2017-08-28 19:41:13,338 -         INFO -              EDLM.edlm.convert - converting to PDF: F:\DEV\docs\test
2017-08-28 19:48:06,953 -         INFO -              EDLM.edlm.convert - converting to PDF: F:\DEV\docs\EDLM_help
2017-08-28 19:50:39,702 -         INFO -              EDLM.edlm.convert - converting to PDF: F:\DEV\docs\OVGME_prop
2017-08-28 19:51:01,359 -         INFO -              EDLM.edlm.convert - converting to PDF: F:\DEV\docs\OVGME_prop
2017-08-28 19:51:05,573 -        ERROR -             EDLM.edlm.utils.do - [pandoc.exe warning] Could not parse YAML header: mapping values are not allowed in this context "source" (line 3, column 13)
2017-08-28 19:51:30,656 -         INFO -              EDLM.edlm.convert - converting to PDF: F:\DEV\docs\OVGME_prop
2017-08-28 19:53:14,713 -         INFO -              EDLM.edlm.convert - converting to PDF: F:\DEV\docs\OVGME_help
2017-08-28 19:53:45,740 -         INFO -              EDLM.edlm.convert - converting to PDF: F:\DEV\docs\OVGME_help
2017-08-28 19:54:04,472 -         INFO -              EDLM.edlm.convert - converting to PDF: F:\DEV\docs\OVGME_help
2017-08-28 19:54:53,286 -         INFO -              EDLM.edlm.convert - converting to PDF: F:\DEV\docs\OVGME_help
2017-08-28 19:55:00,720 -         INFO -              EDLM.edlm.convert - converting to PDF: F:\DEV\docs\OVGME_help
2017-08-28 19:55:21,880 -         INFO -              EDLM.edlm.convert - converting to PDF: F:\DEV\docs\OVGME_help
2017-08-28 19:55:43,277 -         INFO -              EDLM.edlm.convert - converting to PDF: F:\DEV\docs\OVGME_help
2017-08-28 19:55:44,550 -        ERROR -             EDLM.edlm.utils.do - [pandoc.exe warning] Could not find image `image8.png', skipping...
[pandoc.exe warning] Could not find image `./132%20OvGME/media/image9.png', skipping...
[pandoc.exe warning] Could not find image `image10.png', skipping...
[pandoc.exe warning] Could not find image `image11.png', skipping...
[pandoc.exe warning] Could not find image `image12.png', skipping...
[pandoc.exe warning] Could not find image `image13.png', skipping...
[pandoc.exe warning] Could not find image `image14.png', skipping...
[pandoc.exe warning] Could not find image `image15.png', skipping...
[pandoc.exe warning] Could not find image `image16.png', skipping...
[pandoc.exe warning] Could not find image `image17.png', skipping...
[pandoc.exe warning] Could not find image `image19.png', skipping...
[pandoc.exe warning] Could not find image `image20.png', skipping...
[pandoc.exe warning] Could not find image `image21.png', skipping...
[pandoc.exe warning] Could not find image `image22.png', skipping...
[pandoc.exe warning] Could not find image `image23.png', skipping...
[pandoc.exe warning] Could not find image `image24.png', skipping...
[pandoc.exe warning] Could not find image `image25.png', skipping...
[pandoc.exe warning] Could not find image `image26.png', skipping...
! Undefined control sequence.
l.75 \graphicspath

pandoc.exe: Error producing PDF
2017-08-28 19:55:44,550 -        ERROR -             EDLM.edlm.utils.do - command failed: ['D:\\Miniconda3\\Scripts\\pandoc.exe', '-s', '--toc', '--template', 'F:\\DEV\\docs\\tmpe4w5onlv\\template.tex', 'F:\\DEV\\docs\\tmpe4w5onlv\\source.md', '-o', './OUTPUT/PDF\\OVGME_help.PDF', '-V', 'geometry:margin=2.5cm', '-V', 'lot', '-V', 'lof', '-V', 'colorlinks=true', '-N']
2017-08-28 19:55:59,705 -         INFO -              EDLM.edlm.convert - converting to PDF: F:\DEV\docs\OVGME_help
2017-08-28 19:56:00,977 -        ERROR -             EDLM.edlm.utils.do - [pandoc.exe warning] Could not find image `image8.png', skipping...
[pandoc.exe warning] Could not find image `./132%20OvGME/media/image9.png', skipping...
[pandoc.exe warning] Could not find image `image10.png', skipping...
[pandoc.exe warning] Could not find image `image11.png', skipping...
[pandoc.exe warning] Could not find image `image12.png', skipping...
[pandoc.exe warning] Could not find image `image13.png', skipping...
[pandoc.exe warning] Could not find image `image14.png', skipping...
[pandoc.exe warning] Could not find image `image15.png', skipping...
[pandoc.exe warning] Could not find image `image16.png', skipping...
[pandoc.exe warning] Could not find image `image17.png', skipping...
[pandoc.exe warning] Could not find image `image19.png', skipping...
[pandoc.exe warning] Could not find image `image20.png', skipping...
[pandoc.exe warning] Could not find image `image21.png', skipping...
[pandoc.exe warning] Could not find image `image22.png', skipping...
[pandoc.exe warning] Could not find image `image23.png', skipping...
[pandoc.exe warning] Could not find image `image24.png', skipping...
[pandoc.exe warning] Could not find image `image25.png', skipping...
[pandoc.exe warning] Could not find image `image26.png', skipping...
! Undefined control sequence.
l.75 \graphicspath

pandoc.exe: Error producing PDF
2017-08-28 19:56:00,977 -        ERROR -             EDLM.edlm.utils.do - command failed: ['D:\\Miniconda3\\Scripts\\pandoc.exe', '-s', '--toc', '--template', 'F:\\DEV\\docs\\tmpymetm72a\\template.tex', 'F:\\DEV\\docs\\tmpymetm72a\\source.md', '-o', './OUTPUT/PDF\\OVGME_help.PDF', '-V', 'geometry:margin=2.5cm', '-V', 'lot', '-V', 'lof', '-V', 'colorlinks=true', '-N']
2017-08-28 19:56:30,203 -         INFO -              EDLM.edlm.convert - converting to PDF: F:\DEV\docs\OVGME_prop
2017-08-28 19:56:42,491 -         INFO -              EDLM.edlm.convert - converting to PDF: F:\DEV\docs\EDLM_prop
2017-08-28 19:56:48,079 -        ERROR -             EDLM.edlm.utils.do - [pandoc.exe warning] Could not parse YAML header: mapping values are not allowed in this context "source" (line 3, column 12)
2017-08-28 19:56:57,652 -         INFO -              EDLM.edlm.convert - converting to PDF: F:\DEV\docs\EDLM_prop
2017-08-28 19:57:08,677 -         INFO -              EDLM.edlm.convert - converting to PDF: F:\DEV\docs\EDLM_help
2017-08-28 19:57:17,888 -         INFO -              EDLM.edlm.convert - converting to PDF: F:\DEV\docs\OVGME_help
2017-08-28 19:57:19,157 -        ERROR -             EDLM.edlm.utils.do - [pandoc.exe warning] Could not find image `image8.png', skipping...
[pandoc.exe warning] Could not find image `./132%20OvGME/media/image9.png', skipping...
[pandoc.exe warning] Could not find image `image10.png', skipping...
[pandoc.exe warning] Could not find image `image11.png', skipping...
[pandoc.exe warning] Could not find image `image12.png', skipping...
[pandoc.exe warning] Could not find image `image13.png', skipping...
[pandoc.exe warning] Could not find image `image14.png', skipping...
[pandoc.exe warning] Could not find image `image15.png', skipping...
[pandoc.exe warning] Could not find image `image16.png', skipping...
[pandoc.exe warning] Could not find image `image17.png', skipping...
[pandoc.exe warning] Could not find image `image19.png', skipping...
[pandoc.exe warning] Could not find image `image20.png', skipping...
[pandoc.exe warning] Could not find image `image21.png', skipping...
[pandoc.exe warning] Could not find image `image22.png', skipping...
[pandoc.exe warning] Could not find image `image23.png', skipping...
[pandoc.exe warning] Could not find image `image24.png', skipping...
[pandoc.exe warning] Could not find image `image25.png', skipping...
[pandoc.exe warning] Could not find image `image26.png', skipping...
! Undefined control sequence.
l.75 \graphicspath

pandoc.exe: Error producing PDF
2017-08-28 19:57:19,158 -        ERROR -             EDLM.edlm.utils.do - command failed: ['D:\\Miniconda3\\Scripts\\pandoc.exe', '-s', '--toc', '--template', 'F:\\DEV\\docs\\tmp3moa9t09\\template.tex', 'F:\\DEV\\docs\\tmp3moa9t09\\source.md', '-o', './OUTPUT/PDF\\OVGME_help.PDF', '-V', 'geometry:margin=2.5cm', '-V', 'lot', '-V', 'lof', '-V', 'colorlinks=true', '-N']
